<?xml version="1.0" encoding="UTF-8"?>
<!-- Generated by org.testng.reporters.JUnitXMLReporter -->
<testsuite ignored="0" hostname="DESKTOP-NS0ECRJ" failures="1" tests="10" name="Scenario 1" time="115.029" errors="0" timestamp="2022-03-14T12:14:11 IST">
  <testcase classname="com.sgtesting.Testng.TestNGAssign6" name="launchBrowser" time="14.269"/>
  <testcase classname="com.sgtesting.Testng.TestNGAssign6" name="navigate" time="11.304"/>
  <testcase classname="com.sgtesting.Testng.TestNGAssign6" name="login" time="6.699"/>
  <testcase classname="com.sgtesting.Testng.TestNGAssign6" name="minimizeInfoWindow" time="3.096"/>
  <testcase classname="com.sgtesting.Testng.TestNGAssign6" name="createCustomer" time="13.699"/>
  <testcase classname="com.sgtesting.Testng.TestNGAssign6" name="createProject" time="19.225"/>
  <testcase classname="com.sgtesting.Testng.TestNGAssign6" name="modifyProject1" time="22.559"/>
  <testcase classname="com.sgtesting.Testng.TestNGAssign6" name="deleteProject" time="11.731"/>
  <testcase classname="com.sgtesting.Testng.TestNGAssign6" name="deleteCustomer" time="8.629">
    <failure type="java.lang.AssertionError" message="No Delete User expected [There are no customers or projects] but found []">
      <![CDATA[java.lang.AssertionError: No Delete User expected [There are no customers or projects] but found []
at com.sgtesting.Testng.TestNGAssign6.deleteCustomer(TestNGAssign6.java:217)
at java.base/java.util.ArrayList.forEach(ArrayList.java:1511)
... Removed 32 stack frames]]>
    </failure>
  </testcase> <!-- deleteCustomer -->
  <testcase classname="com.sgtesting.Testng.TestNGAssign6" name="logoutAndClose" time="3.705"/>
</testsuite> <!-- Scenario 1 -->
